\BOOKMARK [1][-]{section.1}{Wstep teoretyczny}{}% 1
\BOOKMARK [2][-]{subsection.1.1}{Cel zadania}{section.1}% 2
\BOOKMARK [2][-]{subsection.1.2}{Punkty kluczowe}{section.1}% 3
\BOOKMARK [2][-]{subsection.1.3}{Wyznaczanie par punkt\363w kluczowych}{section.1}% 4
\BOOKMARK [2][-]{subsection.1.4}{Algorytm analizy sp\363jnosci sasiedztwa}{section.1}% 5
\BOOKMARK [2][-]{subsection.1.5}{Metoda Random Sample Consensus}{section.1}% 6
\BOOKMARK [3][-]{subsubsection.1.5.1}{Model - transformata afiniczna}{subsection.1.5}% 7
\BOOKMARK [3][-]{subsubsection.1.5.2}{Model - transformata perspektywiczna}{subsection.1.5}% 8
\BOOKMARK [2][-]{subsection.1.6}{Heurystyki przyspieszajace metode RANSAC}{section.1}% 9
\BOOKMARK [3][-]{subsubsection.1.6.1}{Heurystyki odleg\233osci par punkt\363w}{subsection.1.6}% 10
\BOOKMARK [3][-]{subsubsection.1.6.2}{Heurystyka modyfikacji rozk\233adu}{subsection.1.6}% 11
\BOOKMARK [3][-]{subsubsection.1.6.3}{Heurystyka liczby iteracji}{subsection.1.6}% 12
\BOOKMARK [1][-]{section.2}{Badania}{}% 13
\BOOKMARK [2][-]{subsection.2.1}{Wykorzystane pary obraz\363w}{section.2}% 14
\BOOKMARK [2][-]{subsection.2.2}{Skutecznosc algorytmu analizy sp\363jnosci sasiedztwa}{section.2}% 15
\BOOKMARK [3][-]{subsubsection.2.2.1}{Wp\233yw wielkosci sasiedztwa na skutecznosc algorytmu sp\363jnosci}{subsection.2.2}% 16
\BOOKMARK [3][-]{subsubsection.2.2.2}{Wp\233yw progu sp\363jnosci na skutecznosc algorytmu}{subsection.2.2}% 17
\BOOKMARK [2][-]{subsection.2.3}{Skutecznosc dzia\233ania metody RANSAC}{section.2}% 18
\BOOKMARK [3][-]{subsubsection.2.3.1}{Wp\233yw rodzaju transformaty}{subsection.2.3}% 19
\BOOKMARK [3][-]{subsubsection.2.3.2}{Wp\233yw liczby iteracji}{subsection.2.3}% 20
\BOOKMARK [3][-]{subsubsection.2.3.3}{Wp\233yw wartosci progu sp\363jnosci}{subsection.2.3}% 21
\BOOKMARK [2][-]{subsection.2.4}{Heurystyki przyspieszajace metode RANSAC}{section.2}% 22
\BOOKMARK [3][-]{subsubsection.2.4.1}{Heurystyka estymacji liczby iteracji}{subsection.2.4}% 23
\BOOKMARK [3][-]{subsubsection.2.4.2}{Heurystyka odleg\233osci}{subsection.2.4}% 24
\BOOKMARK [3][-]{subsubsection.2.4.3}{Heurystyka modyfikacji rozk\233adu}{subsection.2.4}% 25
\BOOKMARK [1][-]{section.3}{Podsumowanie}{}% 26
\BOOKMARK [1][-]{section.4}{Profilowanie kodu}{}% 27
